bin\app.exe

All curves:
Circle: point: (1.6212; 1.6212; 0) deriv: (-1.6212; 1.6212; 0)
Circle: point: (5.62162; 5.62162; 0) deriv: (-5.62162; 5.62162; 0)
Helix: point: (5.42277; 5.42277; 0.20231) deriv: (-5.42277; 5.42277; 0.257589)
Circle: point: (1.97571; 1.97571; 0) deriv: (-1.97571; 1.97571; 0)
Ellipse: point: (3.22517; 1.95467; 0) deriv: (-3.22517; 1.95467; 0)
Circle: point: (4.78341; 4.78341; 0) deriv: (-4.78341; 4.78341; 0)
Helix: point: (2.82993; 2.82993; 0.958453) deriv: (-2.82993; 2.82993; 1.22034)
Ellipse: point: (6.95109; 4.34802; 0) deriv: (-6.95109; 4.34802; 0)
Circle: point: (4.06121; 4.06121; 0) deriv: (-4.06121; 4.06121; 0)
Helix: point: (3.3602; 3.3602; 0.725337) deriv: (-3.3602; 3.3602; 0.923527)
Circle: point: (5.2762; 5.2762; 0) deriv: (-5.2762; 5.2762; 0)
Helix: point: (2.98587; 2.98587; 0.328832) deriv: (-2.98587; 2.98587; 0.418681)
Circle: point: (6.42733; 6.42733; 0) deriv: (-6.42733; 6.42733; 0)
Circle: point: (5.33117; 5.33117; 0) deriv: (-5.33117; 5.33117; 0)
Helix: point: (1.7851; 1.7851; 0.804871) deriv: (-1.7851; 1.7851; 1.02479)
Helix: point: (5.52436; 5.52436; 0.550834) deriv: (-5.52436; 5.52436; 0.701344)
Ellipse: point: (3.73923; 1.86137; 0) deriv: (-3.73923; 1.86137; 0)
Helix: point: (3.3804; 3.3804; 0.972164) deriv: (-3.3804; 3.3804; 1.2378)
Circle: point: (3.26924; 3.26924; 0) deriv: (-3.26924; 3.26924; 0)
Ellipse: point: (6.89137; 1.83648; 0) deriv: (-6.89137; 1.83648; 0)
Circle: point: (6.03797; 6.03797; 0) deriv: (-6.03797; 6.03797; 0)
Circle: point: (2.04848; 2.04848; 0) deriv: (-2.04848; 2.04848; 0)

The circles are sorted by radius:
2.29272 2.79408 2.89699 4.6234 5.74342 6.76477 7.46167 7.53941 7.95017 8.53898 9.08962 

Radii sum: 65.6952
0ms

Radii sum OMP: 65.6952
0ms
